<?xml version="1.0" encoding="UTF-8"?>
<!-- Generated by org.testng.reporters.JUnitXMLReporter -->
<testsuite hostname="Shree-PC" ignored="0" name="Default test" tests="5" failures="0" timestamp="05 Dec 2018 19:04:33 GMT" time="112.964" errors="0">
  <testcase name="LoginTestUsingPropertyValues" time="11.406" classname="Deals_TC.LoginPageTest"/>
  <testcase name="LoginWithInvalidCred" time="4.198" classname="Deals_TC.LoginPageTest"/>
  <testcase name="LoginWithInvalidCred" time="3.692" classname="Deals_TC.LoginPageTest"/>
  <testcase name="LoginWithInvalidCred" time="4.037" classname="Deals_TC.LoginPageTest"/>
  <testcase name="LoginWithValidCred" time="10.873" classname="Deals_TC.LoginPageTest"/>
</testsuite> <!-- Default test -->
